Using pre-set license
Built from '2020.2/staging' branch; Version is '2020.2.6f1 (8a2143876886) revision 9052483'; Using compiler version '192528614'; Build Type 'Release'
OS: 'Windows 10 Pro for Workstations; OS build 19041.928; Version 2004; 64bit' Language: 'de' Physical Memory: 16315 MB
BatchMode: 1, IsHumanControllingUs: 0, StartBugReporterOnCrash: 0, Is64bit: 1, IsPro: 0

 COMMAND LINE ARGUMENTS:
C:\Program Files\Unity\Hub\Editor\2020.2.6f1\Editor\Unity.exe
-adb2
-batchMode
-noUpm
-name
AssetImportWorker0
-projectPath
C:/Users/Nutzer/Documents/uniytproject/FortniteVSDoom/DoomVSFortnite
-logFile
Logs/AssetImportWorker0.log
-srvPort
60054
Successfully changed project path to: C:/Users/Nutzer/Documents/uniytproject/FortniteVSDoom/DoomVSFortnite
C:/Users/Nutzer/Documents/uniytproject/FortniteVSDoom/DoomVSFortnite
Using Asset Import Pipeline V2.
Refreshing native plugins compatible for Editor in 53.37 ms, found 0 plugins.
Preloading 0 native plugins for Editor in 0.00 ms.
Initialize engine version: 2020.2.6f1 (8a2143876886)
[Subsystems] Discovering subsystems at path C:/Program Files/Unity/Hub/Editor/2020.2.6f1/Editor/Data/Resources/UnitySubsystems
[Subsystems] Discovering subsystems at path C:/Users/Nutzer/Documents/uniytproject/FortniteVSDoom/DoomVSFortnite/Assets
GfxDevice: creating device client; threaded=0
Direct3D:
    Version:  Direct3D 11.0 [level 11.1]
    Renderer: NVIDIA GeForce GTX 1060 6GB (ID=0x1c03)
    Vendor:   
    VRAM:     6052 MB
    Driver:   27.21.14.5671
Initialize mono
Mono path[0] = 'C:/Program Files/Unity/Hub/Editor/2020.2.6f1/Editor/Data/Managed'
Mono path[1] = 'C:/Program Files/Unity/Hub/Editor/2020.2.6f1/Editor/Data/MonoBleedingEdge/lib/mono/unityjit'
Mono config path = 'C:/Program Files/Unity/Hub/Editor/2020.2.6f1/Editor/Data/MonoBleedingEdge/etc'
Using monoOptions --debugger-agent=transport=dt_socket,embedding=1,server=y,suspend=n,address=127.0.0.1:56000
Begin MonoManager ReloadAssembly
Registering precompiled unity dll's ...
Register platform support module: C:/Program Files/Unity/Hub/Editor/2020.2.6f1/Editor/Data/PlaybackEngines/WindowsStandaloneSupport/UnityEditor.WindowsStandalone.Extensions.dll
Registered in 0.003078 seconds.
Native extension for WindowsStandalone target not found
Refreshing native plugins compatible for Editor in 53.98 ms, found 0 plugins.
Preloading 0 native plugins for Editor in 0.00 ms.
Invoked RoslynAnalysisRunner static constructor.
RoslynAnalysisRunner will not be running.
RoslynAnalysisRunner has terminated.
Mono: successfully reloaded assembly
- Completed reload, in  1.418 seconds
Platform modules already initialized, skipping
Registering precompiled user dll's ...
Registered in 0.003557 seconds.
Begin MonoManager ReloadAssembly
Native extension for WindowsStandalone target not found
Refreshing native plugins compatible for Editor in 0.49 ms, found 0 plugins.
Preloading 0 native plugins for Editor in 0.00 ms.
Invoked RoslynAnalysisRunner static constructor.
RoslynAnalysisRunner will not be running.
RoslynAnalysisRunner has terminated.
Mono: successfully reloaded assembly
- Completed reload, in  1.218 seconds
Platform modules already initialized, skipping
========================================================================
Worker process is ready to serve import requests
Launched and connected shader compiler UnityShaderCompiler.exe after 0.05 seconds
Refreshing native plugins compatible for Editor in 0.49 ms, found 0 plugins.
Preloading 0 native plugins for Editor in 0.00 ms.
Unloading 1861 Unused Serialized files (Serialized files now loaded: 0)
System memory in use before: 92.9 MB.
System memory in use after: 92.6 MB.

Unloading 92 unused Assets to reduce memory usage. Loaded Objects now: 2305.
Total: 3.112300 ms (FindLiveObjects: 0.256900 ms CreateObjectMapping: 0.056300 ms MarkObjects: 2.204000 ms  DeleteObjects: 0.593500 ms)

========================================================================
Received Import Request.
  path: Assets/Scenes/Level1.unity
  artifactKey: Guid(9fc0d4010bbf28b4594072e72b8655ab) Importer(815301076,1909f56bfc062723c751e8b465ee728b)
Start importing Assets/Scenes/Level1.unity using Guid(9fc0d4010bbf28b4594072e72b8655ab) Importer(815301076,1909f56bfc062723c751e8b465ee728b)  -> (artifact id: '3e2144e8e3bb66a19ebf7478da3e00cf') in 0.012660 seconds
  Import took 0.017940 seconds .

========================================================================
Received Import Request.
  Time since last request: 2559.701275 seconds.
  path: Assets/Resources/First Person Player.prefab
  artifactKey: Guid(5ff3b52899992a148bdaa4644a1d8994) Importer(815301076,1909f56bfc062723c751e8b465ee728b)
Start importing Assets/Resources/First Person Player.prefab using Guid(5ff3b52899992a148bdaa4644a1d8994) Importer(815301076,1909f56bfc062723c751e8b465ee728b)  -> (artifact id: '9f899eb59b6b6fb8f31b75b2150da835') in 0.145584 seconds
  Import took 0.153944 seconds .

AssetImportWorkerClient::OnTransportError - code=2 error=End of file
